<?xml version="1.0" encoding="UTF-8" standalone="no"?>
<!DOCTYPE log SYSTEM "logger.dtd">
<log>
<record>
  <date>2024-02-06T02:39:55.575156700Z</date>
  <millis>1707187195575</millis>
  <nanos>156700</nanos>
  <sequence>0</sequence>
  <level>START</level>
  <class>com.kms.katalon.core.logging.XmlKeywordLogger</class>
  <method>startSuite</method>
  <thread>1</thread>
  <message>Start Test Suite : Test Suites/SwagLabs</message>
  <nestedLevel>0</nestedLevel>
  <escapedJava>false</escapedJava>
  <property name="rerunTestFailImmediately">false</property>
  <property name="retryCount">0</property>
  <property name="name">SwagLabs</property>
  <property name="description"></property>
  <property name="id">Test Suites/SwagLabs</property>
</record>
<record>
  <date>2024-02-06T02:39:55.614077400Z</date>
  <millis>1707187195614</millis>
  <nanos>77400</nanos>
  <sequence>1</sequence>
  <level>RUN_DATA</level>
  <class>com.kms.katalon.core.logging.XmlKeywordLogger</class>
  <method>logMessage</method>
  <thread>1</thread>
  <message>hostName = BRI - LAPTOP-GLHGBC14</message>
  <nestedLevel>0</nestedLevel>
  <escapedJava>false</escapedJava>
  <property name="hostName">BRI - LAPTOP-GLHGBC14</property>
</record>
<record>
  <date>2024-02-06T02:39:55.616099400Z</date>
  <millis>1707187195616</millis>
  <nanos>99400</nanos>
  <sequence>2</sequence>
  <level>RUN_DATA</level>
  <class>com.kms.katalon.core.logging.XmlKeywordLogger</class>
  <method>logMessage</method>
  <thread>1</thread>
  <message>os = Windows 11 64bit</message>
  <nestedLevel>0</nestedLevel>
  <escapedJava>false</escapedJava>
  <property name="os">Windows 11 64bit</property>
</record>
<record>
  <date>2024-02-06T02:39:55.617102500Z</date>
  <millis>1707187195617</millis>
  <nanos>102500</nanos>
  <sequence>3</sequence>
  <level>RUN_DATA</level>
  <class>com.kms.katalon.core.logging.XmlKeywordLogger</class>
  <method>logMessage</method>
  <thread>1</thread>
  <message>hostAddress = 172.16.213.67</message>
  <nestedLevel>0</nestedLevel>
  <escapedJava>false</escapedJava>
  <property name="hostAddress">172.16.213.67</property>
</record>
<record>
  <date>2024-02-06T02:39:55.619100900Z</date>
  <millis>1707187195619</millis>
  <nanos>100900</nanos>
  <sequence>4</sequence>
  <level>RUN_DATA</level>
  <class>com.kms.katalon.core.logging.XmlKeywordLogger</class>
  <method>logMessage</method>
  <thread>1</thread>
  <message>katalonVersion = 9.3.0.212</message>
  <nestedLevel>0</nestedLevel>
  <escapedJava>false</escapedJava>
  <property name="katalonVersion">9.3.0.212</property>
</record>
<record>
  <date>2024-02-06T02:39:56.109386400Z</date>
  <millis>1707187196109</millis>
  <nanos>386400</nanos>
  <sequence>5</sequence>
  <level>START</level>
  <class>com.kms.katalon.core.logging.XmlKeywordLogger</class>
  <method>startTest</method>
  <thread>1</thread>
  <message>Start Test Case : Test Cases/Swag Labs</message>
  <nestedLevel>1</nestedLevel>
  <escapedJava>false</escapedJava>
  <property name="name">Test Cases/Swag Labs</property>
  <property name="description"></property>
  <property name="iteration"></property>
  <property name="id">Test Cases/Swag Labs</property>
  <property name="source">D:\Automation\latihan_ddi\latihan\Test Cases\Swag Labs.tc</property>
  <property name="tag"></property>
  <property name="isOptional">false</property>
</record>
<record>
  <date>2024-02-06T02:39:57.493161800Z</date>
  <millis>1707187197493</millis>
  <nanos>161800</nanos>
  <sequence>11</sequence>
  <level>INFO</level>
  <class>com.kms.katalon.core.logging.XmlKeywordLogger</class>
  <method>logMessage</method>
  <thread>1</thread>
  <message>(Default) username = com.kms.katalon.core.testdata.reader.SheetPOI@1b3ab4f9</message>
  <nestedLevel>1</nestedLevel>
  <escapedJava>false</escapedJava>
</record>
<record>
  <date>2024-02-06T02:39:57.586648300Z</date>
  <millis>1707187197586</millis>
  <nanos>648300</nanos>
  <sequence>16</sequence>
  <level>INFO</level>
  <class>com.kms.katalon.core.logging.XmlKeywordLogger</class>
  <method>logMessage</method>
  <thread>1</thread>
  <message>(Default) password = com.kms.katalon.core.testdata.reader.SheetPOI@77b3752b</message>
  <nestedLevel>1</nestedLevel>
  <escapedJava>false</escapedJava>
</record>
<record>
  <date>2024-02-06T02:39:58.318696300Z</date>
  <millis>1707187198318</millis>
  <nanos>696300</nanos>
  <sequence>17</sequence>
  <level>START</level>
  <class>com.kms.katalon.core.logging.XmlKeywordLogger</class>
  <method>startKeyword</method>
  <thread>1</thread>
  <message>Start action : openBrowser(&amp;quot;&amp;quot;)</message>
  <nestedLevel>1</nestedLevel>
  <escapedJava>false</escapedJava>
  <property name="startLine">20</property>
  <property name="stepIndex">1</property>
</record>
<record>
  <date>2024-02-06T02:39:58.863953500Z</date>
  <millis>1707187198863</millis>
  <nanos>953500</nanos>
  <sequence>19</sequence>
  <level>INFO</level>
  <class>com.kms.katalon.core.logging.XmlKeywordLogger</class>
  <method>logMessage</method>
  <thread>1</thread>
  <message>Starting &amp;apos;Edge Chromium&amp;apos; driver</message>
  <nestedLevel>1</nestedLevel>
  <escapedJava>false</escapedJava>
</record>
<record>
  <date>2024-02-06T02:40:01.494979300Z</date>
  <millis>1707187201494</millis>
  <nanos>979300</nanos>
  <sequence>21</sequence>
  <level>INFO</level>
  <class>com.kms.katalon.core.logging.XmlKeywordLogger</class>
  <method>logMessage</method>
  <thread>1</thread>
  <message>Action delay is set to 0 milliseconds</message>
  <nestedLevel>1</nestedLevel>
  <escapedJava>false</escapedJava>
</record>
<record>
  <date>2024-02-06T02:40:06.876734400Z</date>
  <millis>1707187206876</millis>
  <nanos>734400</nanos>
  <sequence>23</sequence>
  <level>RUN_DATA</level>
  <class>com.kms.katalon.core.logging.XmlKeywordLogger</class>
  <method>logMessage</method>
  <thread>1</thread>
  <message>sessionId = 0e9a4a24fb4d0755a52cdd2091508df1</message>
  <nestedLevel>1</nestedLevel>
  <escapedJava>false</escapedJava>
  <property name="sessionId">0e9a4a24fb4d0755a52cdd2091508df1</property>
</record>
<record>
  <date>2024-02-06T02:40:07.104166100Z</date>
  <millis>1707187207104</millis>
  <nanos>166100</nanos>
  <sequence>24</sequence>
  <level>RUN_DATA</level>
  <class>com.kms.katalon.core.logging.XmlKeywordLogger</class>
  <method>logMessage</method>
  <thread>1</thread>
  <message>browser = Edge Chromium 121</message>
  <nestedLevel>1</nestedLevel>
  <escapedJava>false</escapedJava>
  <property name="browser">Edge Chromium 121</property>
</record>
<record>
  <date>2024-02-06T02:40:07.106163800Z</date>
  <millis>1707187207106</millis>
  <nanos>163800</nanos>
  <sequence>25</sequence>
  <level>RUN_DATA</level>
  <class>com.kms.katalon.core.logging.XmlKeywordLogger</class>
  <method>logMessage</method>
  <thread>1</thread>
  <message>platform = Windows 11</message>
  <nestedLevel>1</nestedLevel>
  <escapedJava>false</escapedJava>
  <property name="platform">Windows 11</property>
</record>
<record>
  <date>2024-02-06T02:40:07.106163800Z</date>
  <millis>1707187207106</millis>
  <nanos>163800</nanos>
  <sequence>26</sequence>
  <level>RUN_DATA</level>
  <class>com.kms.katalon.core.logging.XmlKeywordLogger</class>
  <method>logMessage</method>
  <thread>1</thread>
  <message>seleniumVersion = 3.141.59</message>
  <nestedLevel>1</nestedLevel>
  <escapedJava>false</escapedJava>
  <property name="seleniumVersion">3.141.59</property>
</record>
<record>
  <date>2024-02-06T02:40:07.109164400Z</date>
  <millis>1707187207109</millis>
  <nanos>164400</nanos>
  <sequence>27</sequence>
  <level>RUN_DATA</level>
  <class>com.kms.katalon.core.logging.XmlKeywordLogger</class>
  <method>logMessage</method>
  <thread>1</thread>
  <message>proxyInformation = ProxyInformation { proxyOption=NO_PROXY, proxyServerType=HTTP, username=, password=********, proxyServerAddress=, proxyServerPort=0, executionList=&amp;quot;&amp;quot;, isApplyToDesiredCapabilities=true }</message>
  <nestedLevel>1</nestedLevel>
  <escapedJava>false</escapedJava>
  <property name="proxyInformation">ProxyInformation { proxyOption=NO_PROXY, proxyServerType=HTTP, username=, password=********, proxyServerAddress=, proxyServerPort=0, executionList=&quot;&quot;, isApplyToDesiredCapabilities=true }</property>
</record>
<record>
  <date>2024-02-06T02:40:07.312932900Z</date>
  <millis>1707187207312</millis>
  <nanos>932900</nanos>
  <sequence>28</sequence>
  <level>PASSED</level>
  <class>com.kms.katalon.core.logging.XmlKeywordLogger</class>
  <method>logMessage</method>
  <thread>1</thread>
  <message>Browser is opened with url: &amp;apos;&amp;apos;</message>
  <nestedLevel>1</nestedLevel>
  <escapedJava>false</escapedJava>
  <property name="testops-method-name">com.kms.katalon.core.webui.keyword.builtin.OpenBrowserKeyword.openBrowser</property>
  <property name="testops-execution-stacktrace"></property>
</record>
<record>
  <date>2024-02-06T02:40:07.393138600Z</date>
  <millis>1707187207393</millis>
  <nanos>138600</nanos>
  <sequence>29</sequence>
  <level>END</level>
  <class>com.kms.katalon.core.logging.XmlKeywordLogger</class>
  <method>endKeyword</method>
  <thread>1</thread>
  <message>End action : openBrowser(&amp;quot;&amp;quot;)</message>
  <nestedLevel>1</nestedLevel>
  <escapedJava>false</escapedJava>
</record>
<record>
  <date>2024-02-06T02:40:07.394325400Z</date>
  <millis>1707187207394</millis>
  <nanos>325400</nanos>
  <sequence>30</sequence>
  <level>START</level>
  <class>com.kms.katalon.core.logging.XmlKeywordLogger</class>
  <method>startKeyword</method>
  <thread>1</thread>
  <message>Start action : navigateToUrl(&amp;quot;https://www.saucedemo.com/&amp;quot;)</message>
  <nestedLevel>1</nestedLevel>
  <escapedJava>false</escapedJava>
  <property name="startLine">22</property>
  <property name="stepIndex">2</property>
</record>
<record>
  <date>2024-02-06T02:40:10.490166Z</date>
  <millis>1707187210490</millis>
  <nanos>166000</nanos>
  <sequence>33</sequence>
  <level>PASSED</level>
  <class>com.kms.katalon.core.logging.XmlKeywordLogger</class>
  <method>logMessage</method>
  <thread>1</thread>
  <message>Navigate to &amp;apos;https://www.saucedemo.com/&amp;apos; successfully</message>
  <nestedLevel>1</nestedLevel>
  <escapedJava>false</escapedJava>
  <property name="testops-method-name">com.kms.katalon.core.webui.keyword.builtin.NavigateToUrlKeyword.navigateToUrl</property>
  <property name="testops-execution-stacktrace"></property>
</record>
<record>
  <date>2024-02-06T02:40:10.512286300Z</date>
  <millis>1707187210512</millis>
  <nanos>286300</nanos>
  <sequence>34</sequence>
  <level>END</level>
  <class>com.kms.katalon.core.logging.XmlKeywordLogger</class>
  <method>endKeyword</method>
  <thread>1</thread>
  <message>End action : navigateToUrl(&amp;quot;https://www.saucedemo.com/&amp;quot;)</message>
  <nestedLevel>1</nestedLevel>
  <escapedJava>false</escapedJava>
</record>
<record>
  <date>2024-02-06T02:40:10.513478200Z</date>
  <millis>1707187210513</millis>
  <nanos>478200</nanos>
  <sequence>35</sequence>
  <level>START</level>
  <class>com.kms.katalon.core.logging.XmlKeywordLogger</class>
  <method>startKeyword</method>
  <thread>1</thread>
  <message>Start action : click(findTestObject(&amp;quot;Object Repository/Swag Labs/Page_Swag Labs/input_Swag Labs_user-name&amp;quot;))</message>
  <nestedLevel>1</nestedLevel>
  <escapedJava>false</escapedJava>
  <property name="startLine">24</property>
  <property name="stepIndex">3</property>
</record>
<record>
  <date>2024-02-06T02:40:13.029739Z</date>
  <millis>1707187213029</millis>
  <nanos>739000</nanos>
  <sequence>45</sequence>
  <level>PASSED</level>
  <class>com.kms.katalon.core.logging.XmlKeywordLogger</class>
  <method>logMessage</method>
  <thread>1</thread>
  <message>Object: &amp;apos;Object Repository/Swag Labs/Page_Swag Labs/input_Swag Labs_user-name&amp;apos; is clicked on</message>
  <nestedLevel>1</nestedLevel>
  <escapedJava>false</escapedJava>
  <property name="testops-method-name">com.kms.katalon.core.webui.keyword.builtin.ClickKeyword.click</property>
  <property name="testops-execution-stacktrace"></property>
</record>
<record>
  <date>2024-02-06T02:40:13.065618Z</date>
  <millis>1707187213065</millis>
  <nanos>618000</nanos>
  <sequence>46</sequence>
  <level>END</level>
  <class>com.kms.katalon.core.logging.XmlKeywordLogger</class>
  <method>endKeyword</method>
  <thread>1</thread>
  <message>End action : click(findTestObject(&amp;quot;Object Repository/Swag Labs/Page_Swag Labs/input_Swag Labs_user-name&amp;quot;))</message>
  <nestedLevel>1</nestedLevel>
  <escapedJava>false</escapedJava>
</record>
<record>
  <date>2024-02-06T02:40:13.065618Z</date>
  <millis>1707187213065</millis>
  <nanos>618000</nanos>
  <sequence>47</sequence>
  <level>START</level>
  <class>com.kms.katalon.core.logging.XmlKeywordLogger</class>
  <method>startKeyword</method>
  <thread>1</thread>
  <message>Start action : setText(findTestObject(&amp;quot;Object Repository/Swag Labs/Page_Swag Labs/input_Swag Labs_user-name&amp;quot;), username)</message>
  <nestedLevel>1</nestedLevel>
  <escapedJava>false</escapedJava>
  <property name="startLine">26</property>
  <property name="stepIndex">4</property>
</record>
<record>
  <date>2024-02-06T02:40:13.417174600Z</date>
  <millis>1707187213417</millis>
  <nanos>174600</nanos>
  <sequence>50</sequence>
  <level>ERROR</level>
  <class>com.kms.katalon.core.logging.XmlKeywordLogger</class>
  <method>logMessage</method>
  <thread>1</thread>
  <message>Test Cases/Swag Labs FAILED.
Reason:
groovy.lang.MissingMethodException: No signature of method: static com.kms.katalon.core.webui.keyword.WebUiBuiltInKeywords.setText() is applicable for argument types: (com.kms.katalon.core.testobject.TestObject, com.kms.katalon.core.testdata.reader.SheetPOI) values: [TestObject - &amp;apos;Object Repository/Swag Labs/Page_Swag Labs/input_Swag Labs_user-name&amp;apos;, ...]
Possible solutions: setText(com.kms.katalon.core.testobject.TestObject, java.lang.String), getText(com.kms.katalon.core.testobject.TestObject), getText(com.kms.katalon.core.testobject.TestObject, com.kms.katalon.core.model.FailureHandling), setText(com.kms.katalon.core.testobject.TestObject, java.lang.String, com.kms.katalon.core.model.FailureHandling), stream(), clearText(com.kms.katalon.core.testobject.TestObject)
	at Swag Labs.run(Swag Labs:26)
	at com.kms.katalon.core.main.ScriptEngine.run(ScriptEngine.java:194)
	at com.kms.katalon.core.main.ScriptEngine.runScriptAsRawText(ScriptEngine.java:119)
	at com.kms.katalon.core.main.TestCaseExecutor.runScript(TestCaseExecutor.java:448)
	at com.kms.katalon.core.main.TestCaseExecutor.doExecute(TestCaseExecutor.java:439)
	at com.kms.katalon.core.main.TestCaseExecutor.processExecutionPhase(TestCaseExecutor.java:418)
	at com.kms.katalon.core.main.TestCaseExecutor.accessMainPhase(TestCaseExecutor.java:410)
	at com.kms.katalon.core.main.TestCaseExecutor.execute(TestCaseExecutor.java:285)
	at com.kms.katalon.core.common.CommonExecutor.accessTestCaseMainPhase(CommonExecutor.java:65)
	at com.kms.katalon.core.main.TestSuiteExecutor.accessTestSuiteMainPhase(TestSuiteExecutor.java:148)
	at com.kms.katalon.core.main.TestSuiteExecutor.execute(TestSuiteExecutor.java:106)
	at com.kms.katalon.core.main.TestCaseMain.startTestSuite(TestCaseMain.java:180)
	at TempTestSuite1707187185530.run(TempTestSuite1707187185530.groovy:36)
	at java.base/jdk.internal.reflect.NativeMethodAccessorImpl.invoke0(Native Method)
	at java.base/jdk.internal.reflect.NativeMethodAccessorImpl.invoke(NativeMethodAccessorImpl.java:77)
	at java.base/jdk.internal.reflect.DelegatingMethodAccessorImpl.invoke(DelegatingMethodAccessorImpl.java:43)
</message>
  <exception>
    <message>groovy.lang.MissingMethodException: No signature of method: static com.kms.katalon.core.webui.keyword.WebUiBuiltInKeywords.setText() is applicable for argument types: (com.kms.katalon.core.testobject.TestObject, com.kms.katalon.core.testdata.reader.SheetPOI) values: [TestObject - 'Object Repository/Swag Labs/Page_Swag Labs/input_Swag Labs_user-name', ...]
Possible solutions: setText(com.kms.katalon.core.testobject.TestObject, java.lang.String), getText(com.kms.katalon.core.testobject.TestObject), getText(com.kms.katalon.core.testobject.TestObject, com.kms.katalon.core.model.FailureHandling), setText(com.kms.katalon.core.testobject.TestObject, java.lang.String, com.kms.katalon.core.model.FailureHandling), stream(), clearText(com.kms.katalon.core.testobject.TestObject)</message>
    <frame>
      <class>Swag Labs</class>
      <method>run</method>
      <line>26</line>
    </frame>
    <frame>
      <class>com.kms.katalon.core.main.ScriptEngine</class>
      <method>run</method>
      <line>194</line>
    </frame>
    <frame>
      <class>com.kms.katalon.core.main.ScriptEngine</class>
      <method>runScriptAsRawText</method>
      <line>119</line>
    </frame>
    <frame>
      <class>com.kms.katalon.core.main.TestCaseExecutor</class>
      <method>runScript</method>
      <line>448</line>
    </frame>
    <frame>
      <class>com.kms.katalon.core.main.TestCaseExecutor</class>
      <method>doExecute</method>
      <line>439</line>
    </frame>
    <frame>
      <class>com.kms.katalon.core.main.TestCaseExecutor</class>
      <method>processExecutionPhase</method>
      <line>418</line>
    </frame>
    <frame>
      <class>com.kms.katalon.core.main.TestCaseExecutor</class>
      <method>accessMainPhase</method>
      <line>410</line>
    </frame>
    <frame>
      <class>com.kms.katalon.core.main.TestCaseExecutor</class>
      <method>execute</method>
      <line>285</line>
    </frame>
    <frame>
      <class>com.kms.katalon.core.common.CommonExecutor</class>
      <method>accessTestCaseMainPhase</method>
      <line>65</line>
    </frame>
    <frame>
      <class>com.kms.katalon.core.main.TestSuiteExecutor</class>
      <method>accessTestSuiteMainPhase</method>
      <line>148</line>
    </frame>
    <frame>
      <class>com.kms.katalon.core.main.TestSuiteExecutor</class>
      <method>execute</method>
      <line>106</line>
    </frame>
    <frame>
      <class>com.kms.katalon.core.main.TestCaseMain</class>
      <method>startTestSuite</method>
      <line>180</line>
    </frame>
    <frame>
      <class>TempTestSuite1707187185530</class>
      <method>run</method>
      <line>36</line>
    </frame>
    <frame>
      <class>jdk.internal.reflect.NativeMethodAccessorImpl</class>
      <method>invoke0</method>
    </frame>
    <frame>
      <class>jdk.internal.reflect.NativeMethodAccessorImpl</class>
      <method>invoke</method>
      <line>77</line>
    </frame>
    <frame>
      <class>jdk.internal.reflect.DelegatingMethodAccessorImpl</class>
      <method>invoke</method>
      <line>43</line>
    </frame>
  </exception>
  <nestedLevel>0</nestedLevel>
  <escapedJava>false</escapedJava>
  <property name="failed.exception.stacktrace">groovy.lang.MissingMethodException: No signature of method: static com.kms.katalon.core.webui.keyword.WebUiBuiltInKeywords.setText() is applicable for argument types: (com.kms.katalon.core.testobject.TestObject, com.kms.katalon.core.testdata.reader.SheetPOI) values: [TestObject - &apos;Object Repository/Swag Labs/Page_Swag Labs/input_Swag Labs_user-name&apos;, ...]
Possible solutions: setText(com.kms.katalon.core.testobject.TestObject, java.lang.String), getText(com.kms.katalon.core.testobject.TestObject), getText(com.kms.katalon.core.testobject.TestObject, com.kms.katalon.core.model.FailureHandling), setText(com.kms.katalon.core.testobject.TestObject, java.lang.String, com.kms.katalon.core.model.FailureHandling), stream(), clearText(com.kms.katalon.core.testobject.TestObject)
	at Swag Labs.run(Swag Labs:26)
	at com.kms.katalon.core.main.ScriptEngine.run(ScriptEngine.java:194)
	at com.kms.katalon.core.main.ScriptEngine.runScriptAsRawText(ScriptEngine.java:119)
	at com.kms.katalon.core.main.TestCaseExecutor.runScript(TestCaseExecutor.java:448)
	at com.kms.katalon.core.main.TestCaseExecutor.doExecute(TestCaseExecutor.java:439)
	at com.kms.katalon.core.main.TestCaseExecutor.processExecutionPhase(TestCaseExecutor.java:418)
	at com.kms.katalon.core.main.TestCaseExecutor.accessMainPhase(TestCaseExecutor.java:410)
	at com.kms.katalon.core.main.TestCaseExecutor.execute(TestCaseExecutor.java:285)
	at com.kms.katalon.core.common.CommonExecutor.accessTestCaseMainPhase(CommonExecutor.java:65)
	at com.kms.katalon.core.main.TestSuiteExecutor.accessTestSuiteMainPhase(TestSuiteExecutor.java:148)
	at com.kms.katalon.core.main.TestSuiteExecutor.execute(TestSuiteExecutor.java:106)
	at com.kms.katalon.core.main.TestCaseMain.startTestSuite(TestCaseMain.java:180)
	at TempTestSuite1707187185530.run(TempTestSuite1707187185530.groovy:36)
	at java.base/jdk.internal.reflect.NativeMethodAccessorImpl.invoke0(Native Method)
	at java.base/jdk.internal.reflect.NativeMethodAccessorImpl.invoke(NativeMethodAccessorImpl.java:77)
	at java.base/jdk.internal.reflect.DelegatingMethodAccessorImpl.invoke(DelegatingMethodAccessorImpl.java:43)
</property>
  <property name="failed.exception.class">groovy.lang.MissingMethodException</property>
  <property name="failed.exception.message">No signature of method: static com.kms.katalon.core.webui.keyword.WebUiBuiltInKeywords.setText() is applicable for argument types: (com.kms.katalon.core.testobject.TestObject, com.kms.katalon.core.testdata.reader.SheetPOI) values: [TestObject - &apos;Object Repository/Swag Labs/Page_Swag Labs/input_Swag Labs_user-name&apos;, ...]
Possible solutions: setText(com.kms.katalon.core.testobject.TestObject, java.lang.String), getText(com.kms.katalon.core.testobject.TestObject), getText(com.kms.katalon.core.testobject.TestObject, com.kms.katalon.core.model.FailureHandling), setText(com.kms.katalon.core.testobject.TestObject, java.lang.String, com.kms.katalon.core.model.FailureHandling), stream(), clearText(com.kms.katalon.core.testobject.TestObject)</property>
</record>
<record>
  <date>2024-02-06T02:40:13.580212100Z</date>
  <millis>1707187213580</millis>
  <nanos>212100</nanos>
  <sequence>52</sequence>
  <level>END</level>
  <class>com.kms.katalon.core.logging.XmlKeywordLogger</class>
  <method>endKeyword</method>
  <thread>1</thread>
  <message>End action : setText(findTestObject(&amp;quot;Object Repository/Swag Labs/Page_Swag Labs/input_Swag Labs_user-name&amp;quot;), username)</message>
  <nestedLevel>1</nestedLevel>
  <escapedJava>false</escapedJava>
</record>
<record>
  <date>2024-02-06T02:40:13.632845100Z</date>
  <millis>1707187213632</millis>
  <nanos>845100</nanos>
  <sequence>54</sequence>
  <level>ERROR</level>
  <class>com.kms.katalon.core.logging.XmlKeywordLogger</class>
  <method>logMessage</method>
  <thread>1</thread>
  <message>Test Cases/Swag Labs FAILED.
Reason:
groovy.lang.MissingMethodException: No signature of method: static com.kms.katalon.core.webui.keyword.WebUiBuiltInKeywords.setText() is applicable for argument types: (com.kms.katalon.core.testobject.TestObject, com.kms.katalon.core.testdata.reader.SheetPOI) values: [TestObject - &amp;apos;Object Repository/Swag Labs/Page_Swag Labs/input_Swag Labs_user-name&amp;apos;, ...]
Possible solutions: setText(com.kms.katalon.core.testobject.TestObject, java.lang.String), getText(com.kms.katalon.core.testobject.TestObject), getText(com.kms.katalon.core.testobject.TestObject, com.kms.katalon.core.model.FailureHandling), setText(com.kms.katalon.core.testobject.TestObject, java.lang.String, com.kms.katalon.core.model.FailureHandling), stream(), clearText(com.kms.katalon.core.testobject.TestObject)
	at Swag Labs.run(Swag Labs:26)
	at com.kms.katalon.core.main.ScriptEngine.run(ScriptEngine.java:194)
	at com.kms.katalon.core.main.ScriptEngine.runScriptAsRawText(ScriptEngine.java:119)
	at com.kms.katalon.core.main.TestCaseExecutor.runScript(TestCaseExecutor.java:448)
	at com.kms.katalon.core.main.TestCaseExecutor.doExecute(TestCaseExecutor.java:439)
	at com.kms.katalon.core.main.TestCaseExecutor.processExecutionPhase(TestCaseExecutor.java:418)
	at com.kms.katalon.core.main.TestCaseExecutor.accessMainPhase(TestCaseExecutor.java:410)
	at com.kms.katalon.core.main.TestCaseExecutor.execute(TestCaseExecutor.java:285)
	at com.kms.katalon.core.common.CommonExecutor.accessTestCaseMainPhase(CommonExecutor.java:65)
	at com.kms.katalon.core.main.TestSuiteExecutor.accessTestSuiteMainPhase(TestSuiteExecutor.java:148)
	at com.kms.katalon.core.main.TestSuiteExecutor.execute(TestSuiteExecutor.java:106)
	at com.kms.katalon.core.main.TestCaseMain.startTestSuite(TestCaseMain.java:180)
	at TempTestSuite1707187185530.run(TempTestSuite1707187185530.groovy:36)
	at java.base/jdk.internal.reflect.NativeMethodAccessorImpl.invoke0(Native Method)
	at java.base/jdk.internal.reflect.NativeMethodAccessorImpl.invoke(NativeMethodAccessorImpl.java:77)
	at java.base/jdk.internal.reflect.DelegatingMethodAccessorImpl.invoke(DelegatingMethodAccessorImpl.java:43)
</message>
  <exception>
    <message>groovy.lang.MissingMethodException: No signature of method: static com.kms.katalon.core.webui.keyword.WebUiBuiltInKeywords.setText() is applicable for argument types: (com.kms.katalon.core.testobject.TestObject, com.kms.katalon.core.testdata.reader.SheetPOI) values: [TestObject - 'Object Repository/Swag Labs/Page_Swag Labs/input_Swag Labs_user-name', ...]
Possible solutions: setText(com.kms.katalon.core.testobject.TestObject, java.lang.String), getText(com.kms.katalon.core.testobject.TestObject), getText(com.kms.katalon.core.testobject.TestObject, com.kms.katalon.core.model.FailureHandling), setText(com.kms.katalon.core.testobject.TestObject, java.lang.String, com.kms.katalon.core.model.FailureHandling), stream(), clearText(com.kms.katalon.core.testobject.TestObject)</message>
    <frame>
      <class>Swag Labs</class>
      <method>run</method>
      <line>26</line>
    </frame>
    <frame>
      <class>com.kms.katalon.core.main.ScriptEngine</class>
      <method>run</method>
      <line>194</line>
    </frame>
    <frame>
      <class>com.kms.katalon.core.main.ScriptEngine</class>
      <method>runScriptAsRawText</method>
      <line>119</line>
    </frame>
    <frame>
      <class>com.kms.katalon.core.main.TestCaseExecutor</class>
      <method>runScript</method>
      <line>448</line>
    </frame>
    <frame>
      <class>com.kms.katalon.core.main.TestCaseExecutor</class>
      <method>doExecute</method>
      <line>439</line>
    </frame>
    <frame>
      <class>com.kms.katalon.core.main.TestCaseExecutor</class>
      <method>processExecutionPhase</method>
      <line>418</line>
    </frame>
    <frame>
      <class>com.kms.katalon.core.main.TestCaseExecutor</class>
      <method>accessMainPhase</method>
      <line>410</line>
    </frame>
    <frame>
      <class>com.kms.katalon.core.main.TestCaseExecutor</class>
      <method>execute</method>
      <line>285</line>
    </frame>
    <frame>
      <class>com.kms.katalon.core.common.CommonExecutor</class>
      <method>accessTestCaseMainPhase</method>
      <line>65</line>
    </frame>
    <frame>
      <class>com.kms.katalon.core.main.TestSuiteExecutor</class>
      <method>accessTestSuiteMainPhase</method>
      <line>148</line>
    </frame>
    <frame>
      <class>com.kms.katalon.core.main.TestSuiteExecutor</class>
      <method>execute</method>
      <line>106</line>
    </frame>
    <frame>
      <class>com.kms.katalon.core.main.TestCaseMain</class>
      <method>startTestSuite</method>
      <line>180</line>
    </frame>
    <frame>
      <class>TempTestSuite1707187185530</class>
      <method>run</method>
      <line>36</line>
    </frame>
    <frame>
      <class>jdk.internal.reflect.NativeMethodAccessorImpl</class>
      <method>invoke0</method>
    </frame>
    <frame>
      <class>jdk.internal.reflect.NativeMethodAccessorImpl</class>
      <method>invoke</method>
      <line>77</line>
    </frame>
    <frame>
      <class>jdk.internal.reflect.DelegatingMethodAccessorImpl</class>
      <method>invoke</method>
      <line>43</line>
    </frame>
  </exception>
  <nestedLevel>0</nestedLevel>
  <escapedJava>false</escapedJava>
  <property name="failed.exception.stacktrace">groovy.lang.MissingMethodException: No signature of method: static com.kms.katalon.core.webui.keyword.WebUiBuiltInKeywords.setText() is applicable for argument types: (com.kms.katalon.core.testobject.TestObject, com.kms.katalon.core.testdata.reader.SheetPOI) values: [TestObject - &apos;Object Repository/Swag Labs/Page_Swag Labs/input_Swag Labs_user-name&apos;, ...]
Possible solutions: setText(com.kms.katalon.core.testobject.TestObject, java.lang.String), getText(com.kms.katalon.core.testobject.TestObject), getText(com.kms.katalon.core.testobject.TestObject, com.kms.katalon.core.model.FailureHandling), setText(com.kms.katalon.core.testobject.TestObject, java.lang.String, com.kms.katalon.core.model.FailureHandling), stream(), clearText(com.kms.katalon.core.testobject.TestObject)
	at Swag Labs.run(Swag Labs:26)
	at com.kms.katalon.core.main.ScriptEngine.run(ScriptEngine.java:194)
	at com.kms.katalon.core.main.ScriptEngine.runScriptAsRawText(ScriptEngine.java:119)
	at com.kms.katalon.core.main.TestCaseExecutor.runScript(TestCaseExecutor.java:448)
	at com.kms.katalon.core.main.TestCaseExecutor.doExecute(TestCaseExecutor.java:439)
	at com.kms.katalon.core.main.TestCaseExecutor.processExecutionPhase(TestCaseExecutor.java:418)
	at com.kms.katalon.core.main.TestCaseExecutor.accessMainPhase(TestCaseExecutor.java:410)
	at com.kms.katalon.core.main.TestCaseExecutor.execute(TestCaseExecutor.java:285)
	at com.kms.katalon.core.common.CommonExecutor.accessTestCaseMainPhase(CommonExecutor.java:65)
	at com.kms.katalon.core.main.TestSuiteExecutor.accessTestSuiteMainPhase(TestSuiteExecutor.java:148)
	at com.kms.katalon.core.main.TestSuiteExecutor.execute(TestSuiteExecutor.java:106)
	at com.kms.katalon.core.main.TestCaseMain.startTestSuite(TestCaseMain.java:180)
	at TempTestSuite1707187185530.run(TempTestSuite1707187185530.groovy:36)
	at java.base/jdk.internal.reflect.NativeMethodAccessorImpl.invoke0(Native Method)
	at java.base/jdk.internal.reflect.NativeMethodAccessorImpl.invoke(NativeMethodAccessorImpl.java:77)
	at java.base/jdk.internal.reflect.DelegatingMethodAccessorImpl.invoke(DelegatingMethodAccessorImpl.java:43)
</property>
  <property name="failed.exception.class">groovy.lang.MissingMethodException</property>
  <property name="failed.exception.message">No signature of method: static com.kms.katalon.core.webui.keyword.WebUiBuiltInKeywords.setText() is applicable for argument types: (com.kms.katalon.core.testobject.TestObject, com.kms.katalon.core.testdata.reader.SheetPOI) values: [TestObject - &apos;Object Repository/Swag Labs/Page_Swag Labs/input_Swag Labs_user-name&apos;, ...]
Possible solutions: setText(com.kms.katalon.core.testobject.TestObject, java.lang.String), getText(com.kms.katalon.core.testobject.TestObject), getText(com.kms.katalon.core.testobject.TestObject, com.kms.katalon.core.model.FailureHandling), setText(com.kms.katalon.core.testobject.TestObject, java.lang.String, com.kms.katalon.core.model.FailureHandling), stream(), clearText(com.kms.katalon.core.testobject.TestObject)</property>
</record>
<record>
  <date>2024-02-06T02:40:15.949903300Z</date>
  <millis>1707187215949</millis>
  <nanos>903300</nanos>
  <sequence>56</sequence>
  <level>START</level>
  <class>com.kms.katalon.core.logging.XmlKeywordLogger</class>
  <method>startKeyword</method>
  <thread>1</thread>
  <message>Start action : Video</message>
  <nestedLevel>1</nestedLevel>
  <escapedJava>false</escapedJava>
</record>
<record>
  <date>2024-02-06T02:40:15.951024900Z</date>
  <millis>1707187215951</millis>
  <nanos>24900</nanos>
  <sequence>57</sequence>
  <level>INFO</level>
  <class>com.kms.katalon.core.logging.XmlKeywordLogger</class>
  <method>logMessage</method>
  <thread>1</thread>
  <message>Video recording for test case &amp;apos;Test Cases/Swag Labs&amp;apos; .</message>
  <nestedLevel>1</nestedLevel>
  <escapedJava>false</escapedJava>
  <property name="video-attachment">videos\screen_recording_1_0.avi</property>
</record>
<record>
  <date>2024-02-06T02:40:15.953068500Z</date>
  <millis>1707187215953</millis>
  <nanos>68500</nanos>
  <sequence>58</sequence>
  <level>END</level>
  <class>com.kms.katalon.core.logging.XmlKeywordLogger</class>
  <method>endKeyword</method>
  <thread>1</thread>
  <message>End End action : Video</message>
  <nestedLevel>1</nestedLevel>
  <escapedJava>false</escapedJava>
</record>
<record>
  <date>2024-02-06T02:40:15.955479100Z</date>
  <millis>1707187215955</millis>
  <nanos>479100</nanos>
  <sequence>59</sequence>
  <level>END</level>
  <class>com.kms.katalon.core.logging.XmlKeywordLogger</class>
  <method>endTest</method>
  <thread>1</thread>
  <message>End Test Case : Test Cases/Swag Labs</message>
  <nestedLevel>0</nestedLevel>
  <escapedJava>false</escapedJava>
  <property name="executionBindingVariables">[
  {
    &quot;displayReportName&quot;: &quot;(Default) usern...&quot;,
    &quot;value&quot;: &quot;com.kms.katalon.core.testdata.reader.SheetPOI@1b3ab4f9&quot;,
    &quot;name&quot;: &quot;(Default) username&quot;,
    &quot;masked&quot;: false
  },
  {
    &quot;displayReportName&quot;: &quot;(Default) passw...&quot;,
    &quot;value&quot;: &quot;com.kms.katalon.core.testdata.reader.SheetPOI@77b3752b&quot;,
    &quot;name&quot;: &quot;(Default) password&quot;,
    &quot;masked&quot;: false
  }
]</property>
  <property name="applitools">false</property>
  <property name="keywordsUsage">{
  &quot;web_ui&quot;: true,
  &quot;web_service&quot;: false,
  &quot;cucumber&quot;: false,
  &quot;builtin&quot;: false,
  &quot;mobile&quot;: false,
  &quot;windows&quot;: false,
  &quot;testng&quot;: false
}</property>
</record>
<record>
  <date>2024-02-06T02:40:15.960377900Z</date>
  <millis>1707187215960</millis>
  <nanos>377900</nanos>
  <sequence>60</sequence>
  <level>START</level>
  <class>com.kms.katalon.core.logging.XmlKeywordLogger</class>
  <method>startKeyword</method>
  <thread>1</thread>
  <message>Start listener action : exportKatalonReports</message>
  <nestedLevel>0</nestedLevel>
  <escapedJava>false</escapedJava>
</record>
<record>
  <date>2024-02-06T02:40:17.587069700Z</date>
  <millis>1707187217587</millis>
  <nanos>69700</nanos>
  <sequence>128</sequence>
  <level>INFO</level>
  <class>com.kms.katalon.core.logging.XmlKeywordLogger</class>
  <method>logMessage</method>
  <thread>1</thread>
  <message>Start generating HTML report folder at: D:\Automation\latihan_ddi\latihan\Reports\20240206_093945\SwagLabs\20240206_093945...</message>
  <nestedLevel>0</nestedLevel>
  <escapedJava>false</escapedJava>
</record>
<record>
  <date>2024-02-06T02:40:17.970299100Z</date>
  <millis>1707187217970</millis>
  <nanos>299100</nanos>
  <sequence>129</sequence>
  <level>INFO</level>
  <class>com.kms.katalon.core.logging.XmlKeywordLogger</class>
  <method>logMessage</method>
  <thread>1</thread>
  <message>HTML report generated</message>
  <nestedLevel>0</nestedLevel>
  <escapedJava>false</escapedJava>
</record>
<record>
  <date>2024-02-06T02:40:17.971424100Z</date>
  <millis>1707187217971</millis>
  <nanos>424100</nanos>
  <sequence>130</sequence>
  <level>INFO</level>
  <class>com.kms.katalon.core.logging.XmlKeywordLogger</class>
  <method>logMessage</method>
  <thread>1</thread>
  <message>Start generating CSV report folder at: D:\Automation\latihan_ddi\latihan\Reports\20240206_093945\SwagLabs\20240206_093945...</message>
  <nestedLevel>0</nestedLevel>
  <escapedJava>false</escapedJava>
</record>
<record>
  <date>2024-02-06T02:40:18.065202400Z</date>
  <millis>1707187218065</millis>
  <nanos>202400</nanos>
  <sequence>131</sequence>
  <level>INFO</level>
  <class>com.kms.katalon.core.logging.XmlKeywordLogger</class>
  <method>logMessage</method>
  <thread>1</thread>
  <message>CSV report generated</message>
  <nestedLevel>0</nestedLevel>
  <escapedJava>false</escapedJava>
</record>
<record>
  <date>2024-02-06T02:40:18.249298Z</date>
  <millis>1707187218249</millis>
  <nanos>298000</nanos>
  <sequence>133</sequence>
  <level>END</level>
  <class>com.kms.katalon.core.logging.XmlKeywordLogger</class>
  <method>endKeyword</method>
  <thread>1</thread>
  <message>End listener action : exportKatalonReports</message>
  <nestedLevel>0</nestedLevel>
  <escapedJava>false</escapedJava>
</record>
<record>
  <date>2024-02-06T02:40:20.299169900Z</date>
  <millis>1707187220299</millis>
  <nanos>169900</nanos>
  <sequence>134</sequence>
  <level>END</level>
  <class>com.kms.katalon.core.logging.XmlKeywordLogger</class>
  <method>endSuite</method>
  <thread>1</thread>
  <message>End Test Suite : Test Suites/SwagLabs</message>
  <nestedLevel>0</nestedLevel>
  <escapedJava>false</escapedJava>
</record>
</log>
<?xml version="1.0" encoding="UTF-8" standalone="no"?>
<!DOCTYPE log SYSTEM "logger.dtd">
<log>
<record>
  <date>2024-02-06T02:40:48.387457100Z</date>
  <millis>1707187248387</millis>
  <nanos>457100</nanos>
  <sequence>262</sequence>
  <level>INFO</level>
  <class>com.kms.katalon.core.logging.XmlKeywordLogger</class>
  <method>logMessage</method>
  <thread>1</thread>
  <message>Finding test data with id &amp;apos;Data Files/user-name&amp;apos;</message>
  <nestedLevel>0</nestedLevel>
  <escapedJava>false</escapedJava>
</record>
<record>
  <date>2024-02-06T02:40:48.400362100Z</date>
  <millis>1707187248400</millis>
  <nanos>362100</nanos>
  <sequence>263</sequence>
  <level>INFO</level>
  <class>com.kms.katalon.core.logging.XmlKeywordLogger</class>
  <method>logMessage</method>
  <thread>1</thread>
  <message>Test data is excel file, reading excel file</message>
  <nestedLevel>0</nestedLevel>
  <escapedJava>false</escapedJava>
</record>
<record>
  <date>2024-02-06T02:40:48.400362100Z</date>
  <millis>1707187248400</millis>
  <nanos>362100</nanos>
  <sequence>264</sequence>
  <level>INFO</level>
  <class>com.kms.katalon.core.logging.XmlKeywordLogger</class>
  <method>logMessage</method>
  <thread>1</thread>
  <message>Reading excel file with source file &amp;apos;D:\Automation\latihan_ddi\latihan\Data Files\variable_user.xlsx&amp;apos; and sheet name &amp;apos;Lembar1&amp;apos;</message>
  <nestedLevel>0</nestedLevel>
  <escapedJava>false</escapedJava>
</record>
<record>
  <date>2024-02-06T02:41:04.435163400Z</date>
  <millis>1707187264435</millis>
  <nanos>163400</nanos>
  <sequence>265</sequence>
  <level>INFO</level>
  <class>com.kms.katalon.core.logging.XmlKeywordLogger</class>
  <method>logMessage</method>
  <thread>1</thread>
  <message>Finding test data with id &amp;apos;Data Files/user-name&amp;apos;</message>
  <nestedLevel>0</nestedLevel>
  <escapedJava>false</escapedJava>
</record>
<record>
  <date>2024-02-06T02:41:04.439145700Z</date>
  <millis>1707187264439</millis>
  <nanos>145700</nanos>
  <sequence>266</sequence>
  <level>INFO</level>
  <class>com.kms.katalon.core.logging.XmlKeywordLogger</class>
  <method>logMessage</method>
  <thread>1</thread>
  <message>Test data is excel file, reading excel file</message>
  <nestedLevel>0</nestedLevel>
  <escapedJava>false</escapedJava>
</record>
<record>
  <date>2024-02-06T02:41:04.439145700Z</date>
  <millis>1707187264439</millis>
  <nanos>145700</nanos>
  <sequence>267</sequence>
  <level>INFO</level>
  <class>com.kms.katalon.core.logging.XmlKeywordLogger</class>
  <method>logMessage</method>
  <thread>1</thread>
  <message>Reading excel file with source file &amp;apos;D:\Automation\latihan_ddi\latihan\Data Files\variable_user.xlsx&amp;apos; and sheet name &amp;apos;Lembar1&amp;apos;</message>
  <nestedLevel>0</nestedLevel>
  <escapedJava>false</escapedJava>
</record>
<record>
  <date>2024-02-06T02:41:31.378919Z</date>
  <millis>1707187291378</millis>
  <nanos>919000</nanos>
  <sequence>268</sequence>
  <level>INFO</level>
  <class>com.kms.katalon.core.logging.XmlKeywordLogger</class>
  <method>logMessage</method>
  <thread>367</thread>
  <message>Finding test data with id &amp;apos;Data Files/user-name&amp;apos;</message>
  <nestedLevel>0</nestedLevel>
  <escapedJava>false</escapedJava>
</record>
<record>
  <date>2024-02-06T02:41:31.378919Z</date>
  <millis>1707187291378</millis>
  <nanos>919000</nanos>
  <sequence>269</sequence>
  <level>INFO</level>
  <class>com.kms.katalon.core.logging.XmlKeywordLogger</class>
  <method>logMessage</method>
  <thread>367</thread>
  <message>Test data is excel file, reading excel file</message>
  <nestedLevel>0</nestedLevel>
  <escapedJava>false</escapedJava>
</record>
<record>
  <date>2024-02-06T02:41:31.378919Z</date>
  <millis>1707187291378</millis>
  <nanos>919000</nanos>
  <sequence>270</sequence>
  <level>INFO</level>
  <class>com.kms.katalon.core.logging.XmlKeywordLogger</class>
  <method>logMessage</method>
  <thread>367</thread>
  <message>Reading excel file with source file &amp;apos;D:\Automation\latihan_ddi\latihan\Data Files\variable_user.xlsx&amp;apos; and sheet name &amp;apos;Lembar1&amp;apos;</message>
  <nestedLevel>0</nestedLevel>
  <escapedJava>false</escapedJava>
</record>
<record>
  <date>2024-02-06T03:16:34.552665300Z</date>
  <millis>1707189394552</millis>
  <nanos>665300</nanos>
  <sequence>955</sequence>
  <level>INFO</level>
  <class>com.kms.katalon.core.logging.XmlKeywordLogger</class>
  <method>logMessage</method>
  <thread>541</thread>
  <message>Finding test data with id &amp;apos;Data Files/user-name&amp;apos;</message>
  <nestedLevel>0</nestedLevel>
  <escapedJava>false</escapedJava>
</record>
<record>
  <date>2024-02-06T03:16:34.559586100Z</date>
  <millis>1707189394559</millis>
  <nanos>586100</nanos>
  <sequence>956</sequence>
  <level>INFO</level>
  <class>com.kms.katalon.core.logging.XmlKeywordLogger</class>
  <method>logMessage</method>
  <thread>541</thread>
  <message>Test data is excel file, reading excel file</message>
  <nestedLevel>0</nestedLevel>
  <escapedJava>false</escapedJava>
</record>
<record>
  <date>2024-02-06T03:16:34.570831400Z</date>
  <millis>1707189394570</millis>
  <nanos>831400</nanos>
  <sequence>957</sequence>
  <level>INFO</level>
  <class>com.kms.katalon.core.logging.XmlKeywordLogger</class>
  <method>logMessage</method>
  <thread>541</thread>
  <message>Reading excel file with source file &amp;apos;D:\Automation\latihan_ddi\latihan\Data Files\variable_user.xlsx&amp;apos; and sheet name &amp;apos;Lembar1&amp;apos;</message>
  <nestedLevel>0</nestedLevel>
  <escapedJava>false</escapedJava>
</record>
<record>
  <date>2024-02-06T03:19:47.875868400Z</date>
  <millis>1707189587875</millis>
  <nanos>868400</nanos>
  <sequence>1006</sequence>
  <level>INFO</level>
  <class>com.kms.katalon.core.logging.XmlKeywordLogger</class>
  <method>logMessage</method>
  <thread>595</thread>
  <message>Finding test data with id &amp;apos;Data Files/user-name&amp;apos;</message>
  <nestedLevel>0</nestedLevel>
  <escapedJava>false</escapedJava>
</record>
<record>
  <date>2024-02-06T03:19:47.882864100Z</date>
  <millis>1707189587882</millis>
  <nanos>864100</nanos>
  <sequence>1007</sequence>
  <level>INFO</level>
  <class>com.kms.katalon.core.logging.XmlKeywordLogger</class>
  <method>logMessage</method>
  <thread>595</thread>
  <message>Test data is excel file, reading excel file</message>
  <nestedLevel>0</nestedLevel>
  <escapedJava>false</escapedJava>
</record>
<record>
  <date>2024-02-06T03:19:47.883904300Z</date>
  <millis>1707189587883</millis>
  <nanos>904300</nanos>
  <sequence>1008</sequence>
  <level>INFO</level>
  <class>com.kms.katalon.core.logging.XmlKeywordLogger</class>
  <method>logMessage</method>
  <thread>595</thread>
  <message>Reading excel file with source file &amp;apos;D:\Automation\latihan_ddi\latihan\Data Files\variable_user.xlsx&amp;apos; and sheet name &amp;apos;Lembar1&amp;apos;</message>
  <nestedLevel>0</nestedLevel>
  <escapedJava>false</escapedJava>
</record>
<record>
  <date>2024-02-06T03:39:21.719268400Z</date>
  <millis>1707190761719</millis>
  <nanos>268400</nanos>
  <sequence>1118</sequence>
  <level>INFO</level>
  <class>com.kms.katalon.core.logging.XmlKeywordLogger</class>
  <method>logMessage</method>
  <thread>763</thread>
  <message>Finding test data with id &amp;apos;Data Files/user-name&amp;apos;</message>
  <nestedLevel>0</nestedLevel>
  <escapedJava>false</escapedJava>
</record>
<record>
  <date>2024-02-06T03:39:21.735599200Z</date>
  <millis>1707190761735</millis>
  <nanos>599200</nanos>
  <sequence>1119</sequence>
  <level>INFO</level>
  <class>com.kms.katalon.core.logging.XmlKeywordLogger</class>
  <method>logMessage</method>
  <thread>763</thread>
  <message>Test data is excel file, reading excel file</message>
  <nestedLevel>0</nestedLevel>
  <escapedJava>false</escapedJava>
</record>
<record>
  <date>2024-02-06T03:39:21.735599200Z</date>
  <millis>1707190761735</millis>
  <nanos>599200</nanos>
  <sequence>1120</sequence>
  <level>INFO</level>
  <class>com.kms.katalon.core.logging.XmlKeywordLogger</class>
  <method>logMessage</method>
  <thread>763</thread>
  <message>Reading excel file with source file &amp;apos;D:\Automation\latihan_ddi\latihan\Data Files\variable_user.xlsx&amp;apos; and sheet name &amp;apos;Lembar1&amp;apos;</message>
  <nestedLevel>0</nestedLevel>
  <escapedJava>false</escapedJava>
</record>
<record>
  <date>2024-02-06T03:44:47.900672800Z</date>
  <millis>1707191087900</millis>
  <nanos>672800</nanos>
  <sequence>1170</sequence>
  <level>INFO</level>
  <class>com.kms.katalon.core.logging.XmlKeywordLogger</class>
  <method>logMessage</method>
  <thread>878</thread>
  <message>Finding test data with id &amp;apos;Data Files/user-name&amp;apos;</message>
  <nestedLevel>0</nestedLevel>
  <escapedJava>false</escapedJava>
</record>
<record>
  <date>2024-02-06T03:44:47.906735500Z</date>
  <millis>1707191087906</millis>
  <nanos>735500</nanos>
  <sequence>1171</sequence>
  <level>INFO</level>
  <class>com.kms.katalon.core.logging.XmlKeywordLogger</class>
  <method>logMessage</method>
  <thread>878</thread>
  <message>Test data is excel file, reading excel file</message>
  <nestedLevel>0</nestedLevel>
  <escapedJava>false</escapedJava>
</record>
<record>
  <date>2024-02-06T03:44:47.908727800Z</date>
  <millis>1707191087908</millis>
  <nanos>727800</nanos>
  <sequence>1172</sequence>
  <level>INFO</level>
  <class>com.kms.katalon.core.logging.XmlKeywordLogger</class>
  <method>logMessage</method>
  <thread>878</thread>
  <message>Reading excel file with source file &amp;apos;D:\Automation\latihan_ddi\latihan\Data Files\variable_user.xlsx&amp;apos; and sheet name &amp;apos;Lembar1&amp;apos;</message>
  <nestedLevel>0</nestedLevel>
  <escapedJava>false</escapedJava>
</record>
<record>
  <date>2024-02-06T03:48:54.599233400Z</date>
  <millis>1707191334599</millis>
  <nanos>233400</nanos>
  <sequence>1252</sequence>
  <level>INFO</level>
  <class>com.kms.katalon.core.logging.XmlKeywordLogger</class>
  <method>logMessage</method>
  <thread>870</thread>
  <message>Finding test data with id &amp;apos;Data Files/user-name&amp;apos;</message>
  <nestedLevel>0</nestedLevel>
  <escapedJava>false</escapedJava>
</record>
<record>
  <date>2024-02-06T03:48:54.603865300Z</date>
  <millis>1707191334603</millis>
  <nanos>865300</nanos>
  <sequence>1253</sequence>
  <level>INFO</level>
  <class>com.kms.katalon.core.logging.XmlKeywordLogger</class>
  <method>logMessage</method>
  <thread>870</thread>
  <message>Test data is excel file, reading excel file</message>
  <nestedLevel>0</nestedLevel>
  <escapedJava>false</escapedJava>
</record>
<record>
  <date>2024-02-06T03:48:54.603865300Z</date>
  <millis>1707191334603</millis>
  <nanos>865300</nanos>
  <sequence>1254</sequence>
  <level>INFO</level>
  <class>com.kms.katalon.core.logging.XmlKeywordLogger</class>
  <method>logMessage</method>
  <thread>870</thread>
  <message>Reading excel file with source file &amp;apos;D:\Automation\latihan_ddi\latihan\Data Files\variable_user.xlsx&amp;apos; and sheet name &amp;apos;Lembar1&amp;apos;</message>
  <nestedLevel>0</nestedLevel>
  <escapedJava>false</escapedJava>
</record>
